/Users/svenschrodt/projects/UnitCheck/unitcheck/ext/kernel/main.c:275:76: warning: comparison between pointer and integer ('bool' and 'void *') [-Wpointer-integer-compare]
  275 |         if (zend_hash_str_exists(CG(function_table), function_name, function_len) != NULL) {
      |             ~~~~~~~~~~~~~~~~~~~~~~~~~~~~~~~~~~~~~~~~~~~~~~~~~~~~~~~~~~~~~~~~~~~~~ ^  ~~~~
1 warning generated.
/Users/svenschrodt/projects/UnitCheck/unitcheck/ext/kernel/array.c:507:67: warning: format specifies type 'long' but the argument has type 'zend_ulong' (aka 'unsigned long long') [-Wformat]
  507 |                                 zend_error(E_NOTICE, "Undefined index: %ld in %s on line %d", uidx, file, line);
      |                                                                        ~~~                    ^~~~
      |                                                                        %llu
1 warning generated.
/Users/svenschrodt/projects/UnitCheck/unitcheck/ext/kernel/require.c:54:19: warning: incompatible pointer types passing 'zend_string *' (aka 'struct _zend_string *') to parameter of type 'zval *' (aka 'struct _zval_struct *') [-Wincompatible-pointer-types]
   54 |     zval_ptr_dtor(zend_string_path);
      |                   ^~~~~~~~~~~~~~~~
/opt/homebrew/Cellar/php/8.4.5/include/php/Zend/zend_variables.h:80:35: note: passing argument to parameter 'zval_ptr' here
   80 | ZEND_API void zval_ptr_dtor(zval *zval_ptr);
      |                                   ^
/Users/svenschrodt/projects/UnitCheck/unitcheck/ext/kernel/require.c:127:19: warning: incompatible pointer types passing 'zend_string *' (aka 'struct _zend_string *') to parameter of type 'zval *' (aka 'struct _zval_struct *') [-Wincompatible-pointer-types]
  127 |     zval_ptr_dtor(zend_string_path);
      |                   ^~~~~~~~~~~~~~~~
/opt/homebrew/Cellar/php/8.4.5/include/php/Zend/zend_variables.h:80:35: note: passing argument to parameter 'zval_ptr' here
   80 | ZEND_API void zval_ptr_dtor(zval *zval_ptr);
      |                                   ^
2 warnings generated.
/Users/svenschrodt/projects/UnitCheck/unitcheck/ext/kernel/file.c:71:16: warning: incompatible pointer types passing 'zend_string *' (aka 'struct _zend_string *') to parameter of type 'zval *' (aka 'struct _zval_struct *') [-Wincompatible-pointer-types]
   71 |         zval_ptr_dtor(file);
      |                       ^~~~
/opt/homebrew/Cellar/php/8.4.5/include/php/Zend/zend_variables.h:80:35: note: passing argument to parameter 'zval_ptr' here
   80 | ZEND_API void zval_ptr_dtor(zval *zval_ptr);
      |                                   ^
/Users/svenschrodt/projects/UnitCheck/unitcheck/ext/kernel/file.c:179:74: warning: format specifies type 'int' but the argument has type 'zend_long' (aka 'long long') [-Wformat]
  179 |                 php_error_docref(NULL, E_WARNING, "%d is not a valid stream resource", stream->res->handle);
      |                                                    ~~                                  ^~~~~~~~~~~~~~~~~~~
      |                                                    %lld
/Users/svenschrodt/projects/UnitCheck/unitcheck/ext/kernel/file.c:300:17: warning: incompatible pointer types passing 'zend_string *' (aka 'struct _zend_string *') to parameter of type 'zval *' (aka 'struct _zval_struct *') [-Wincompatible-pointer-types]
  300 |                 zval_ptr_dtor(file);
      |                               ^~~~
/opt/homebrew/Cellar/php/8.4.5/include/php/Zend/zend_variables.h:80:35: note: passing argument to parameter 'zval_ptr' here
   80 | ZEND_API void zval_ptr_dtor(zval *zval_ptr);
      |                                   ^
3 warnings generated.
/Users/svenschrodt/projects/UnitCheck/unitcheck/ext/unitcheck/entity/cfg.zep.c:55:3: warning: incompatible pointer types passing 'zval *' (aka 'struct _zval_struct *') to parameter of type 'zend_string **' (aka 'struct _zend_string **') [-Wincompatible-pointer-types]
   55 |                 Z_PARAM_STR(configFile)
      |                 ^~~~~~~~~~~~~~~~~~~~~~~
/opt/homebrew/Cellar/php/8.4.5/include/php/Zend/zend_API.h:2087:2: note: expanded from macro 'Z_PARAM_STR'
 2087 |         Z_PARAM_STR_EX(dest, 0, 0)
      |         ^~~~~~~~~~~~~~~~~~~~~~~~~~
/opt/homebrew/Cellar/php/8.4.5/include/php/Zend/zend_API.h:2080:44: note: expanded from macro 'Z_PARAM_STR_EX'
 2080 |                 if (UNEXPECTED(!zend_parse_arg_str(_arg, &dest, check_null, _i))) { \
      |                     ~~~~~~~~~~~~~~~~~~~~~~~~~~~~~~~~~~~~~^~~~~~~~~~~~~~~~~~~~~~~
/opt/homebrew/Cellar/php/8.4.5/include/php/Zend/zend_portability.h:387:52: note: expanded from macro 'UNEXPECTED'
  387 | # define UNEXPECTED(condition) __builtin_expect(!!(condition), 0)
      |                                                    ^~~~~~~~~
/opt/homebrew/Cellar/php/8.4.5/include/php/Zend/zend_API.h:2300:76: note: passing argument to parameter 'dest' here
 2300 | static zend_always_inline bool zend_parse_arg_str(zval *arg, zend_string **dest, bool check_null, uint32_t arg_num)
      |                                                                            ^
1 warning generated.
/Users/svenschrodt/projects/UnitCheck/unitcheck/ext/unitcheck/shell/cli.zep.c:127:3: warning: incompatible pointer types passing 'zval *' (aka 'struct _zval_struct *') to parameter of type 'zend_string **' (aka 'struct _zend_string **') [-Wincompatible-pointer-types]
  127 |                 Z_PARAM_STR(str)
      |                 ^~~~~~~~~~~~~~~~
/opt/homebrew/Cellar/php/8.4.5/include/php/Zend/zend_API.h:2087:2: note: expanded from macro 'Z_PARAM_STR'
 2087 |         Z_PARAM_STR_EX(dest, 0, 0)
      |         ^~~~~~~~~~~~~~~~~~~~~~~~~~
/opt/homebrew/Cellar/php/8.4.5/include/php/Zend/zend_API.h:2080:44: note: expanded from macro 'Z_PARAM_STR_EX'
 2080 |                 if (UNEXPECTED(!zend_parse_arg_str(_arg, &dest, check_null, _i))) { \
      |                     ~~~~~~~~~~~~~~~~~~~~~~~~~~~~~~~~~~~~~^~~~~~~~~~~~~~~~~~~~~~~
/opt/homebrew/Cellar/php/8.4.5/include/php/Zend/zend_portability.h:387:52: note: expanded from macro 'UNEXPECTED'
  387 | # define UNEXPECTED(condition) __builtin_expect(!!(condition), 0)
      |                                                    ^~~~~~~~~
/opt/homebrew/Cellar/php/8.4.5/include/php/Zend/zend_API.h:2300:76: note: passing argument to parameter 'dest' here
 2300 | static zend_always_inline bool zend_parse_arg_str(zval *arg, zend_string **dest, bool check_null, uint32_t arg_num)
      |                                                                            ^
/Users/svenschrodt/projects/UnitCheck/unitcheck/ext/unitcheck/shell/cli.zep.c:129:3: warning: incompatible pointer types passing 'zval *' (aka 'struct _zval_struct *') to parameter of type 'zend_string **' (aka 'struct _zend_string **') [-Wincompatible-pointer-types]
  129 |                 Z_PARAM_STR_OR_NULL(fg)
      |                 ^~~~~~~~~~~~~~~~~~~~~~~
/opt/homebrew/Cellar/php/8.4.5/include/php/Zend/zend_API.h:2090:2: note: expanded from macro 'Z_PARAM_STR_OR_NULL'
 2090 |         Z_PARAM_STR_EX(dest, 1, 0)
      |         ^~~~~~~~~~~~~~~~~~~~~~~~~~
/opt/homebrew/Cellar/php/8.4.5/include/php/Zend/zend_API.h:2080:44: note: expanded from macro 'Z_PARAM_STR_EX'
 2080 |                 if (UNEXPECTED(!zend_parse_arg_str(_arg, &dest, check_null, _i))) { \
      |                     ~~~~~~~~~~~~~~~~~~~~~~~~~~~~~~~~~~~~~^~~~~~~~~~~~~~~~~~~~~~~
/opt/homebrew/Cellar/php/8.4.5/include/php/Zend/zend_portability.h:387:52: note: expanded from macro 'UNEXPECTED'
  387 | # define UNEXPECTED(condition) __builtin_expect(!!(condition), 0)
      |                                                    ^~~~~~~~~
/opt/homebrew/Cellar/php/8.4.5/include/php/Zend/zend_API.h:2300:76: note: passing argument to parameter 'dest' here
 2300 | static zend_always_inline bool zend_parse_arg_str(zval *arg, zend_string **dest, bool check_null, uint32_t arg_num)
      |                                                                            ^
/Users/svenschrodt/projects/UnitCheck/unitcheck/ext/unitcheck/shell/cli.zep.c:130:3: warning: incompatible pointer types passing 'zval *' (aka 'struct _zval_struct *') to parameter of type 'zend_string **' (aka 'struct _zend_string **') [-Wincompatible-pointer-types]
  130 |                 Z_PARAM_STR_OR_NULL(bg)
      |                 ^~~~~~~~~~~~~~~~~~~~~~~
/opt/homebrew/Cellar/php/8.4.5/include/php/Zend/zend_API.h:2090:2: note: expanded from macro 'Z_PARAM_STR_OR_NULL'
 2090 |         Z_PARAM_STR_EX(dest, 1, 0)
      |         ^~~~~~~~~~~~~~~~~~~~~~~~~~
/opt/homebrew/Cellar/php/8.4.5/include/php/Zend/zend_API.h:2080:44: note: expanded from macro 'Z_PARAM_STR_EX'
 2080 |                 if (UNEXPECTED(!zend_parse_arg_str(_arg, &dest, check_null, _i))) { \
      |                     ~~~~~~~~~~~~~~~~~~~~~~~~~~~~~~~~~~~~~^~~~~~~~~~~~~~~~~~~~~~~
/opt/homebrew/Cellar/php/8.4.5/include/php/Zend/zend_portability.h:387:52: note: expanded from macro 'UNEXPECTED'
  387 | # define UNEXPECTED(condition) __builtin_expect(!!(condition), 0)
      |                                                    ^~~~~~~~~
/opt/homebrew/Cellar/php/8.4.5/include/php/Zend/zend_API.h:2300:76: note: passing argument to parameter 'dest' here
 2300 | static zend_always_inline bool zend_parse_arg_str(zval *arg, zend_string **dest, bool check_null, uint32_t arg_num)
      |                                                                            ^
3 warnings generated.
ld: warning: -undefined suppress is deprecated
warning: no debug symbols in executable (-arch arm64)
